2025-08-15 07:29:54,079 - __main__ - INFO - 🚀 启动Window 9学习系统测试...
2025-08-15 07:29:54,081 - __main__ - INFO - 🔬 开始运行Window 9全面测试...
2025-08-15 07:29:54,085 - __main__ - INFO - 开始初始化Window 9学习系统组件...
2025-08-15 07:29:54,098 - __main__ - INFO - ✅ ThinkingRecorder 初始化完成
2025-08-15 07:29:54,100 - __main__ - INFO - ✅ ExternalSignalLearning 初始化完成
2025-08-15 07:29:54,102 - __main__ - INFO - ✅ BlackSwanLearning 初始化完成
2025-08-15 07:29:54,110 - __main__ - INFO - ✅ PromptEvolution 初始化完成
2025-08-15 07:29:54,114 - __main__ - INFO - ✅ DecisionTracker 初始化完成
2025-08-15 07:29:54,116 - __main__ - INFO - 🎯 Window 9 学习系统初始化完成
2025-08-15 07:29:54,123 - __main__ - INFO - 🏥 系统健康状态: healthy
2025-08-15 07:29:54,123 - __main__ - INFO - 🧠 测试1: AI思考过程记录
2025-08-15 07:29:54,136 - __main__ - INFO - ✅ AI思考过程已记录: test_20250815_072954
2025-08-15 07:29:54,136 - __main__ - INFO - ✅ 测试1通过: AI思考过程记录
2025-08-15 07:29:54,137 - __main__ - INFO - 📡 测试2: 外部信号处理
2025-08-15 07:29:54,145 - __main__ - INFO - ✅ 外部信号已追踪: ValueScan.io_20250815072954_0
2025-08-15 07:29:54,146 - __main__ - INFO - ✅ 测试2通过: 外部信号处理
2025-08-15 07:29:54,146 - __main__ - INFO - 🦢 测试3: 黑天鹅风险检查
2025-08-15 07:29:54,147 - __main__ - INFO - 🦢 黑天鹅风险评估: LOW
2025-08-15 07:29:54,147 - __main__ - INFO - ✅ 测试3通过: 黑天鹅风险检查 - 风险级别: LOW
2025-08-15 07:29:54,148 - __main__ - INFO - 🧬 测试4: 策略权重进化
2025-08-15 07:29:54,158 - __main__ - INFO - 🧬 权重进化完成，调整了 1 个策略
2025-08-15 07:29:54,159 - __main__ - INFO - ✅ 测试4通过: 策略权重进化 - 调整了1个策略
2025-08-15 07:29:54,160 - __main__ - INFO - 📝 测试5: 决策记录和更新
2025-08-15 07:29:54,165 - __main__ - INFO - 📝 决策已记录: 357e7f03-73b3-4f57-9117-d4e7ce0e60c8
2025-08-15 07:29:54,180 - __main__ - INFO - 📊 决策结果已更新: 357e7f03-73b3-4f57-9117-d4e7ce0e60c8 - success - PnL: 4.44%
2025-08-15 07:29:54,181 - __main__ - INFO - ✅ 测试5通过: 决策记录和更新 - PnL: 4.44%
2025-08-15 07:29:54,181 - __main__ - INFO - 📊 测试6: 综合报告生成
2025-08-15 07:29:54,182 - __main__ - INFO - 📈 开始生成综合学习报告...
2025-08-15 07:29:54,195 - __main__ - INFO - ✅ 综合学习报告已生成: learning_data/reports/comprehensive_report_20250815_072954.json
2025-08-15 07:29:54,195 - __main__ - INFO - ✅ 测试6通过: 综合报告生成
2025-08-15 07:29:54,213 - __main__ - INFO - 🏥 最终系统状态: healthy
2025-08-15 07:29:54,213 - __main__ - INFO - 🎉 Window 9全面测试完成 - 所有测试通过!
2025-08-15 07:29:54,214 - __main__ - INFO - ✅ Window 9学习系统测试成功完成
2025-08-15 07:31:30,183 - window9_main - INFO - 开始初始化Window 9学习系统组件...
2025-08-15 07:31:30,198 - window9_main - INFO - ✅ ThinkingRecorder 初始化完成
2025-08-15 07:31:30,209 - window9_main - INFO - ✅ ExternalSignalLearning 初始化完成
2025-08-15 07:31:30,210 - window9_main - INFO - ✅ BlackSwanLearning 初始化完成
2025-08-15 07:31:30,223 - window9_main - INFO - ✅ PromptEvolution 初始化完成
2025-08-15 07:31:30,232 - window9_main - INFO - ✅ DecisionTracker 初始化完成
2025-08-15 07:31:30,233 - window9_main - INFO - 🎯 Window 9 学习系统初始化完成
2025-08-15 07:31:30,243 - window9_main - INFO - 📈 开始生成综合学习报告...
2025-08-15 07:31:30,255 - window9_main - INFO - ✅ 综合学习报告已生成: test_data/reports/comprehensive_report_20250815_073130.json
2025-08-15 07:45:39,019 - __main__ - INFO - 🚀 启动Window 9学习系统测试...
2025-08-15 07:45:39,019 - __main__ - INFO - 🔬 开始Window 9完整测试...
2025-08-15 07:45:39,032 - __main__ - INFO - ✅ Window 9学习系统初始化完成
2025-08-15 07:45:39,033 - __main__ - INFO - 🏥 系统健康状态: healthy
2025-08-15 07:45:39,033 - __main__ - INFO - 🧠 测试1: AI思考过程记录
2025-08-15 07:45:39,037 - __main__ - INFO - ✅ 测试1通过: AI思考过程记录
2025-08-15 07:45:39,037 - __main__ - INFO - 📡 测试2: 外部信号处理
2025-08-15 07:45:39,040 - __main__ - INFO - ✅ 测试2通过: 外部信号处理
2025-08-15 07:45:39,040 - __main__ - INFO - 🦢 测试3: 黑天鹅风险检查
2025-08-15 07:45:39,041 - __main__ - INFO - ✅ 测试3通过: 黑天鹅风险检查 - 风险级别: LOW
2025-08-15 07:45:39,041 - __main__ - INFO - 🧬 测试4: 策略权重进化
2025-08-15 07:45:39,044 - __main__ - INFO - ✅ 测试4通过: 策略权重进化 - 调整了1个策略
2025-08-15 07:45:39,045 - __main__ - INFO - 📝 测试5: 决策记录和更新
2025-08-15 07:45:39,060 - __main__ - INFO - ✅ 测试5通过: 决策记录和更新 - PnL: 4.44%
2025-08-15 07:45:39,060 - __main__ - INFO - 📊 测试6: 综合报告生成
2025-08-15 07:45:39,066 - __main__ - INFO - ✅ 测试6通过: 综合报告生成
2025-08-15 07:45:39,067 - __main__ - INFO - 🎉 Window 9完整测试完成!
2025-08-15 07:45:39,067 - __main__ - INFO - ✅ Window 9学习系统测试成功完成
